Flow report for CPU
Fri Jun 28 21:14:27 2019
Quartus Prime Version 18.1.0 Build 625 09/12/2018 SJ Lite Edition


---------------------
; Table of Contents ;
---------------------
  1. Legal Notice
  2. Flow Summary
  3. Flow Settings
  4. Flow Non-Default Global Settings
  5. Flow Elapsed Time
  6. Flow OS Summary
  7. Flow Log
  8. Flow Messages
  9. Flow Suppressed Messages



----------------
; Legal Notice ;
----------------
Copyright (C) 2018  Intel Corporation. All rights reserved.
Your use of Intel Corporation's design tools, logic functions 
and other software and tools, and its AMPP partner logic 
functions, and any output files from any of the foregoing 
(including device programming or simulation files), and any 
associated documentation or information are expressly subject 
to the terms and conditions of the Intel Program License 
Subscription Agreement, the Intel Quartus Prime License Agreement,
the Intel FPGA IP License Agreement, or other applicable license
agreement, including, without limitation, that your use is for
the sole purpose of programming logic devices manufactured by
Intel and sold by Intel or its authorized distributors.  Please
refer to the applicable agreement for further details.



+-------------------------------------------------------------------------------+
; Flow Summary                                                                  ;
+---------------------------------+---------------------------------------------+
; Flow Status                     ; Successful - Fri Jun 28 21:14:27 2019       ;
; Quartus Prime Version           ; 18.1.0 Build 625 09/12/2018 SJ Lite Edition ;
; Revision Name                   ; CPU                                         ;
; Top-level Entity Name           ; CPU                                         ;
; Family                          ; Cyclone V                                   ;
; Device                          ; 5CGXFC7C7F23C8                              ;
; Timing Models                   ; Final                                       ;
; Logic utilization (in ALMs)     ; 16 / 56,480 ( < 1 % )                       ;
; Total registers                 ; 36                                          ;
; Total pins                      ; 31 / 268 ( 12 % )                           ;
; Total virtual pins              ; 0                                           ;
; Total block memory bits         ; 0 / 7,024,640 ( 0 % )                       ;
; Total DSP Blocks                ; 0 / 156 ( 0 % )                             ;
; Total HSSI RX PCSs              ; 0 / 6 ( 0 % )                               ;
; Total HSSI PMA RX Deserializers ; 0 / 6 ( 0 % )                               ;
; Total HSSI TX PCSs              ; 0 / 6 ( 0 % )                               ;
; Total HSSI PMA TX Serializers   ; 0 / 6 ( 0 % )                               ;
; Total PLLs                      ; 0 / 13 ( 0 % )                              ;
; Total DLLs                      ; 0 / 4 ( 0 % )                               ;
+---------------------------------+---------------------------------------------+


+-----------------------------------------+
; Flow Settings                           ;
+-------------------+---------------------+
; Option            ; Setting             ;
+-------------------+---------------------+
; Start date & time ; 06/28/2019 21:09:25 ;
; Main task         ; Compilation         ;
; Revision Name     ; CPU                 ;
+-------------------+---------------------+


+-------------------------------------------------------------------------------------------------------------------------+
; Flow Non-Default Global Settings                                                                                        ;
+-------------------------------------+----------------------------------------+---------------+-------------+------------+
; Assignment Name                     ; Value                                  ; Default Value ; Entity Name ; Section Id ;
+-------------------------------------+----------------------------------------+---------------+-------------+------------+
; COMPILER_SIGNATURE_ID               ; 167690714460565.156176696413704        ; --            ; --          ; --         ;
; MAX_CORE_JUNCTION_TEMP              ; 85                                     ; --            ; --          ; --         ;
; MIN_CORE_JUNCTION_TEMP              ; 0                                      ; --            ; --          ; --         ;
; PARTITION_COLOR                     ; -- (Not supported for targeted family) ; --            ; --          ; Top        ;
; PARTITION_FITTER_PRESERVATION_LEVEL ; -- (Not supported for targeted family) ; --            ; --          ; Top        ;
; PARTITION_NETLIST_TYPE              ; -- (Not supported for targeted family) ; --            ; --          ; Top        ;
; PROJECT_OUTPUT_DIRECTORY            ; output_files                           ; --            ; --          ; --         ;
+-------------------------------------+----------------------------------------+---------------+-------------+------------+


+--------------------------------------------------------------------------------------------------------------------------+
; Flow Elapsed Time                                                                                                        ;
+----------------------+--------------+-------------------------+---------------------+------------------------------------+
; Module Name          ; Elapsed Time ; Average Processors Used ; Peak Virtual Memory ; Total CPU Time (on all processors) ;
+----------------------+--------------+-------------------------+---------------------+------------------------------------+
; Analysis & Synthesis ; 00:00:17     ; 1.0                     ; 4818 MB             ; 00:00:32                           ;
; Fitter               ; 00:00:55     ; 1.0                     ; 6475 MB             ; 00:01:18                           ;
; Assembler            ; 00:00:11     ; 1.0                     ; 4849 MB             ; 00:00:10                           ;
; Timing Analyzer      ; 00:00:13     ; 1.0                     ; 5187 MB             ; 00:00:11                           ;
; EDA Netlist Writer   ; 00:00:03     ; 1.0                     ; 4732 MB             ; 00:00:02                           ;
; EDA Netlist Writer   ; 00:00:02     ; 1.0                     ; 4741 MB             ; 00:00:02                           ;
; Total                ; 00:01:41     ; --                      ; --                  ; 00:02:15                           ;
+----------------------+--------------+-------------------------+---------------------+------------------------------------+


+------------------------------------------------------------------------------------+
; Flow OS Summary                                                                    ;
+----------------------+------------------+------------+------------+----------------+
; Module Name          ; Machine Hostname ; OS Name    ; OS Version ; Processor type ;
+----------------------+------------------+------------+------------+----------------+
; Analysis & Synthesis ; LAPTOP-4REM4VK2  ; Windows 10 ; 10.0       ; x86_64         ;
; Fitter               ; LAPTOP-4REM4VK2  ; Windows 10 ; 10.0       ; x86_64         ;
; Assembler            ; LAPTOP-4REM4VK2  ; Windows 10 ; 10.0       ; x86_64         ;
; Timing Analyzer      ; LAPTOP-4REM4VK2  ; Windows 10 ; 10.0       ; x86_64         ;
; EDA Netlist Writer   ; LAPTOP-4REM4VK2  ; Windows 10 ; 10.0       ; x86_64         ;
; EDA Netlist Writer   ; LAPTOP-4REM4VK2  ; Windows 10 ; 10.0       ; x86_64         ;
+----------------------+------------------+------------+------------+----------------+


------------
; Flow Log ;
------------
quartus_map --read_settings_files=on --write_settings_files=off CPU -c CPU
quartus_fit --read_settings_files=off --write_settings_files=off CPU -c CPU
quartus_asm --read_settings_files=off --write_settings_files=off CPU -c CPU
quartus_sta CPU -c CPU
quartus_eda --gen_testbench --tool=modelsim_oem --format=verilog --write_settings_files=off CPU -c CPU --vector_source="C:/Users/leona/Documents/Computer Science/2019.1/Sistemas Digitais/CPU/Waveform.vwf" --testbench_file="C:/Users/leona/Documents/Computer Science/2019.1/Sistemas Digitais/CPU/simulation/qsim/Waveform.vwf.vt"
quartus_eda --write_settings_files=off --simulation=on --functional=on --flatten_buses=off --tool=modelsim_oem --format=verilog --output_directory="C:/Users/leona/Documents/Computer Science/2019.1/Sistemas Digitais/CPU/simulation/qsim/" CPU -c CPU



